<?xml version="1.0" encoding="UTF-8"?>
<!-- Generated by org.testng.reporters.JUnitReportReporter -->
<testsuite hostname="Lenovo" failures="0" tests="1" name="com.crm.practice.Practice" time="14.013" errors="0" timestamp="2022-02-01T09:59:05 IST" skipped="0">
  <testcase classname="com.crm.practice.Practice" name="addtocart" time="14.013"/>
  <system-out/>
</testsuite> <!-- com.crm.practice.Practice -->
